<?xml version="1.0" encoding="UTF-8"?>
<testng-results skipped="0" failed="0" ignored="0" total="1" passed="1">
  <reporter-output>
  </reporter-output>
  <suite name="Default suite" duration-ms="38124" started-at="2018-02-25T07:22:48Z" finished-at="2018-02-25T07:23:26Z">
    <groups>
    </groups>
    <test name="Default test" duration-ms="38124" started-at="2018-02-25T07:22:48Z" finished-at="2018-02-25T07:23:26Z">
      <class name="testCases.ExecuteTest">
        <test-method status="PASS" signature="testLogin()[pri:0, instance:testCases.ExecuteTest@482f8f11]" name="testLogin" duration-ms="38078" started-at="2018-02-25T12:52:48Z" finished-at="2018-02-25T12:53:26Z">
          <reporter-output>
          </reporter-output>
        </test-method> <!-- testLogin -->
      </class> <!-- testCases.ExecuteTest -->
    </test> <!-- Default test -->
  </suite> <!-- Default suite -->
</testng-results>
